<?xml version="1.0" encoding="UTF-8"?>
<!-- Generated by org.testng.reporters.JUnitReportReporter -->
<testsuite hostname="LAPTOP-C6C96BJN" failures="0" tests="2" name="learn.nopcommerce.user.Level_21_Manage_Data_External" time="4.467" errors="0" timestamp="31 Aug 2023 14:49:05 GMT" skipped="0">
  <testcase classname="learn.nopcommerce.user.Level_21_Manage_Data_External" name="TC_02_Login_With_Valid_Infor" time="1.504"/>
  <testcase classname="learn.nopcommerce.user.Level_21_Manage_Data_External" name="TC_01_Register_With_Valid_Infor" time="2.963"/>
</testsuite> <!-- learn.nopcommerce.user.Level_21_Manage_Data_External -->
